0 silly argv {
0 silly argv   _: [ 'run' ],
0 silly argv   lernaVersion: '8.1.8',
0 silly argv   '$0': 'node_modules/lerna/dist/cli.js',
0 silly argv   script: 'build'
0 silly argv }
1 notice cli v8.1.8
2 verbose packageConfigs Package manager "pnpm" detected. Resolving packages using `pnpm-workspace.yaml`.
3 verbose rootPath /Users/ralph/Documents/Marx/Toneflix/vue-component-pack
4 error Failed to process project graph. Run "nx reset" to fix this. Please report the issue if you keep seeing it.
4 error       An error occurred while processing files for the nx/js/dependencies-and-lockfile plugin.
4 error     - pnpm-lock.yaml: duplicated mapping key (6682:3)
4 error
4 error    6679 |
4 error    6680 |   jiti@2.4.2:
4 error    6681 |     optional: true
4 error    6682 |   jiti@2.4.2:
4 error   ----------^
4 error    6683 |     optional: true
4 error    6684 |
4 error       YAMLException: duplicated mapping key (6682:3)
4 error
4 error        6679 |
4 error        6680 |   jiti@2.4.2:
4 error        6681 |     optional: true
4 error        6682 |   jiti@2.4.2:
4 error       ----------^
4 error        6683 |     optional: true
4 error        6684 |
4 error           at generateError (/Users/ralph/Documents/Marx/Toneflix/vue-component-pack/node_modules/.pnpm/@zkochan+js-yaml@0.0.7/node_modules/@zkochan/js-yaml/lib/loader.js:183:10)
4 error           at throwError (/Users/ralph/Documents/Marx/Toneflix/vue-component-pack/node_modules/.pnpm/@zkochan+js-yaml@0.0.7/node_modules/@zkochan/js-yaml/lib/loader.js:187:9)
4 error           at storeMappingPair (/Users/ralph/Documents/Marx/Toneflix/vue-component-pack/node_modules/.pnpm/@zkochan+js-yaml@0.0.7/node_modules/@zkochan/js-yaml/lib/loader.js:358:7)
4 error           at readBlockMapping (/Users/ralph/Documents/Marx/Toneflix/vue-component-pack/node_modules/.pnpm/@zkochan+js-yaml@0.0.7/node_modules/@zkochan/js-yaml/lib/loader.js:1173:9)
4 error           at composeNode (/Users/ralph/Documents/Marx/Toneflix/vue-component-pack/node_modules/.pnpm/@zkochan+js-yaml@0.0.7/node_modules/@zkochan/js-yaml/lib/loader.js:1441:12)
4 error           at readBlockMapping (/Users/ralph/Documents/Marx/Toneflix/vue-component-pack/node_modules/.pnpm/@zkochan+js-yaml@0.0.7/node_modules/@zkochan/js-yaml/lib/loader.js:1164:11)
4 error           at composeNode (/Users/ralph/Documents/Marx/Toneflix/vue-component-pack/node_modules/.pnpm/@zkochan+js-yaml@0.0.7/node_modules/@zkochan/js-yaml/lib/loader.js:1441:12)
4 error           at readDocument (/Users/ralph/Documents/Marx/Toneflix/vue-component-pack/node_modules/.pnpm/@zkochan+js-yaml@0.0.7/node_modules/@zkochan/js-yaml/lib/loader.js:1625:3)
4 error           at loadDocuments (/Users/ralph/Documents/Marx/Toneflix/vue-component-pack/node_modules/.pnpm/@zkochan+js-yaml@0.0.7/node_modules/@zkochan/js-yaml/lib/loader.js:1688:5)
